[2021-10-07 13:35:57] local.ERROR: View [edit] not found. {"exception":"[object] (InvalidArgumentException(code: 0): View [edit] not found. at C:\\Users\\Asus\\Documents\\GitHub\\project-laravel\\code\\Rajab Abdillah 09020582024027\\web_statis\\vendor\\laravel\\framework\\src\\Illuminate\\View\\FileViewFinder.php:137)
[stacktrace]
#0 C:\\Users\\Asus\\Documents\\GitHub\\project-laravel\\code\\Rajab Abdillah 09020582024027\\web_statis\\vendor\\laravel\\framework\\src\\Illuminate\\View\\FileViewFinder.php(79): Illuminate\\View\\FileViewFinder->findInPaths('edit', Array)
#1 C:\\Users\\Asus\\Documents\\GitHub\\project-laravel\\code\\Rajab Abdillah 09020582024027\\web_statis\\vendor\\laravel\\framework\\src\\Illuminate\\View\\Factory.php(138): Illuminate\\View\\FileViewFinder->find('edit')
#2 C:\\Users\\Asus\\Documents\\GitHub\\project-laravel\\code\\Rajab Abdillah 09020582024027\\web_statis\\vendor\\laravel\\framework\\src\\Illuminate\\Foundation\\helpers.php(919): Illuminate\\View\\Factory->make('edit', Array, Array)
#3 C:\\Users\\Asus\\Documents\\GitHub\\project-laravel\\code\\Rajab Abdillah 09020582024027\\web_statis\outes\\web.php(23): view('edit')
#4 C:\\Users\\Asus\\Documents\\GitHub\\project-laravel\\code\\Rajab Abdillah 09020582024027\\web_statis\\vendor\\laravel\\framework\\src\\Illuminate\\Routing\\Route.php(238): Illuminate\\Routing\\RouteFileRegistrar->{closure}()
#5 C:\\Users\\Asus\\Documents\\GitHub\\project-laravel\\code\\Rajab Abdillah 09020582024027\\web_statis\\vendor\\laravel\\framework\\src\\Illuminate\\Routing\\Route.php(208): Illuminate\\Routing\\Route->runCallable()
#6 C:\\Users\\Asus\\Documents\\GitHub\\project-laravel\\code\\Rajab Abdillah 09020582024027\\web_statis\\vendor\\laravel\\framework\\src\\Illuminate\\Routing\\Router.php(695): Illuminate\\Routing\\Route->run()
#7 C:\\Users\\Asus\\Documents\\GitHub\\project-laravel\\code\\Rajab Abdillah 09020582024027\\web_statis\\vendor\\laravel\\framework\\src\\Illuminate\\Pipeline\\Pipeline.php(128): Illuminate\\Routing\\Router->Illuminate\\Routing\\{closure}(Object(Illuminate\\Http\\Request))
#8 C:\\Users\\Asus\\Documents\\GitHub\\project-laravel\\code\\Rajab Abdillah 09020582024027\\web_statis\\vendor\\laravel\\framework\\src\\Illuminate\\Routing\\Middleware\\SubstituteBindings.php(50): Illuminate\\Pipeline\\Pipeline->Illuminate\\Pipeline\\{closure}(Object(Illuminate\\Http\\Request))
#9 C:\\Users\\Asus\\Documents\\GitHub\\project-laravel\\code\\Rajab Abdillah 09020582024027\\web_statis\\vendor\\laravel\\framework\\src\\Illuminate\\Pipeline\\Pipeline.php(167): Illuminate\\Routing\\Middleware\\SubstituteBindings->handle(Object(Illuminate\\Http\\Request), Object(Closure))
#10 C:\\Users\\Asus\\Documents\\GitHub\\project-laravel\\code\\Rajab Abdillah 09020582024027\\web_statis\\vendor\\laravel\\framework\\src\\Illuminate\\Foundation\\Http\\Middleware\\VerifyCsrfToken.php(78): Illuminate\\Pipeline\\Pipeline->Illuminate\\Pipeline\\{closure}(Object(Illuminate\\Http\\Request))
#11 C:\\Users\\Asus\\Documents\\GitHub\\project-laravel\\code\\Rajab Abdillah 09020582024027\\web_statis\\vendor\\laravel\\framework\\src\\Illuminate\\Pipeline\\Pipeline.php(167): Illuminate\\Foundation\\Http\\Middleware\\VerifyCsrfToken->handle(Object(Illuminate\\Http\\Request), Object(Closure))
#12 C:\\Users\\Asus\\Documents\\GitHub\\project-laravel\\code\\Rajab Abdillah 09020582024027\\web_statis\\vendor\\laravel\\framework\\src\\Illuminate\\View\\Middleware\\ShareErrorsFromSession.php(49): Illuminate\\Pipeline\\Pipeline->Illuminate\\Pipeline\\{closure}(Object(Illuminate\\Http\\Request))
#13 C:\\Users\\Asus\\Documents\\GitHub\\project-laravel\\code\\Rajab Abdillah 09020582024027\\web_statis\\vendor\\laravel\\framework\\src\\Illuminate\\Pipeline\\Pipeline.php(167): Illuminate\\View\\Middleware\\ShareErrorsFromSession->handle(Object(Illuminate\\Http\\Request), Object(Closure))
#14 C:\\Users\\Asus\\Documents\\GitHub\\project-laravel\\code\\Rajab Abdillah 09020582024027\\web_statis\\vendor\\laravel\\framework\\src\\Illuminate\\Session\\Middleware\\StartSession.php(121): Illuminate\\Pipeline\\Pipeline->Illuminate\\Pipeline\\{closure}(Object(Illuminate\\Http\\Request))
#15 C:\\Users\\Asus\\Documents\\GitHub\\project-laravel\\code\\Rajab Abdillah 09020582024027\\web_statis\\vendor\\laravel\\framework\\src\\Illuminate\\Session\\Middleware\\StartSession.php(64): Illuminate\\Session\\Middleware\\StartSession->handleStatefulRequest(Object(Illuminate\\Http\\Request), Object(Illuminate\\Session\\Store), Object(Closure))
#16 C:\\Users\\Asus\\Documents\\GitHub\\project-laravel\\code\\Rajab Abdillah 09020582024027\\web_statis\\vendor\\laravel\\framework\\src\\Illuminate\\Pipeline\\Pipeline.php(167): Illuminate\\Session\\Middleware\\StartSession->handle(Object(Illuminate\\Http\\Request), Object(Closure))
#17 C:\\Users\\Asus\\Documents\\GitHub\\project-laravel\\code\\Rajab Abdillah 09020582024027\\web_statis\\vendor\\laravel\\framework\\src\\Illuminate\\Cookie\\Middleware\\AddQueuedCookiesToResponse.php(37): Illuminate\\Pipeline\\Pipeline->Illuminate\\Pipeline\\{closure}(Object(Illuminate\\Http\\Request))
#18 C:\\Users\\Asus\\Documents\\GitHub\\project-laravel\\code\\Rajab Abdillah 09020582024027\\web_statis\\vendor\\laravel\\framework\\src\\Illuminate\\Pipeline\\Pipeline.php(167): Illuminate\\Cookie\\Middleware\\AddQueuedCookiesToResponse->handle(Object(Illuminate\\Http\\Request), Object(Closure))
#19 C:\\Users\\Asus\\Documents\\GitHub\\project-laravel\\code\\Rajab Abdillah 09020582024027\\web_statis\\vendor\\laravel\\framework\\src\\Illuminate\\Cookie\\Middleware\\EncryptCookies.php(67): Illuminate\\Pipeline\\Pipeline->Illuminate\\Pipeline\\{closure}(Object(Illuminate\\Http\\Request))
#20 C:\\Users\\Asus\\Documents\\GitHub\\project-laravel\\code\\Rajab Abdillah 09020582024027\\web_statis\\vendor\\laravel\\framework\\src\\Illuminate\\Pipeline\\Pipeline.php(167): Illuminate\\Cookie\\Middleware\\EncryptCookies->handle(Object(Illuminate\\Http\\Request), Object(Closure))
#21 C:\\Users\\Asus\\Documents\\GitHub\\project-laravel\\code\\Rajab Abdillah 09020582024027\\web_statis\\vendor\\laravel\\framework\\src\\Illuminate\\Pipeline\\Pipeline.php(103): Illuminate\\Pipeline\\Pipeline->Illuminate\\Pipeline\\{closure}(Object(Illuminate\\Http\\Request))
#22 C:\\Users\\Asus\\Documents\\GitHub\\project-laravel\\code\\Rajab Abdillah 09020582024027\\web_statis\\vendor\\laravel\\framework\\src\\Illuminate\\Routing\\Router.php(697): Illuminate\\Pipeline\\Pipeline->then(Object(Closure))
#23 C:\\Users\\Asus\\Documents\\GitHub\\project-laravel\\code\\Rajab Abdillah 09020582024027\\web_statis\\vendor\\laravel\\framework\\src\\Illuminate\\Routing\\Router.php(672): Illuminate\\Routing\\Router->runRouteWithinStack(Object(Illuminate\\Routing\\Route), Object(Illuminate\\Http\\Request))
#24 C:\\Users\\Asus\\Documents\\GitHub\\project-laravel\\code\\Rajab Abdillah 09020582024027\\web_statis\\vendor\\laravel\\framework\\src\\Illuminate\\Routing\\Router.php(636): Illuminate\\Routing\\Router->runRoute(Object(Illuminate\\Http\\Request), Object(Illuminate\\Routing\\Route))
#25 C:\\Users\\Asus\\Documents\\GitHub\\project-laravel\\code\\Rajab Abdillah 09020582024027\\web_statis\\vendor\\laravel\\framework\\src\\Illuminate\\Routing\\Router.php(625): Illuminate\\Routing\\Router->dispatchToRoute(Object(Illuminate\\Http\\Request))
#26 C:\\Users\\Asus\\Documents\\GitHub\\project-laravel\\code\\Rajab Abdillah 09020582024027\\web_statis\\vendor\\laravel\\framework\\src\\Illuminate\\Foundation\\Http\\Kernel.php(166): Illuminate\\Routing\\Router->dispatch(Object(Illuminate\\Http\\Request))
#27 C:\\Users\\Asus\\Documents\\GitHub\\project-laravel\\code\\Rajab Abdillah 09020582024027\\web_statis\\vendor\\laravel\\framework\\src\\Illuminate\\Pipeline\\Pipeline.php(128): Illuminate\\Foundation\\Http\\Kernel->Illuminate\\Foundation\\Http\\{closure}(Object(Illuminate\\Http\\Request))
#28 C:\\Users\\Asus\\Documents\\GitHub\\project-laravel\\code\\Rajab Abdillah 09020582024027\\web_statis\\vendor\\laravel\\framework\\src\\Illuminate\\Foundation\\Http\\Middleware\\TransformsRequest.php(21): Illuminate\\Pipeline\\Pipeline->Illuminate\\Pipeline\\{closure}(Object(Illuminate\\Http\\Request))
#29 C:\\Users\\Asus\\Documents\\GitHub\\project-laravel\\code\\Rajab Abdillah 09020582024027\\web_statis\\vendor\\laravel\\framework\\src\\Illuminate\\Foundation\\Http\\Middleware\\ConvertEmptyStringsToNull.php(31): Illuminate\\Foundation\\Http\\Middleware\\TransformsRequest->handle(Object(Illuminate\\Http\\Request), Object(Closure))
#30 C:\\Users\\Asus\\Documents\\GitHub\\project-laravel\\code\\Rajab Abdillah 09020582024027\\web_statis\\vendor\\laravel\\framework\\src\\Illuminate\\Pipeline\\Pipeline.php(167): Illuminate\\Foundation\\Http\\Middleware\\ConvertEmptyStringsToNull->handle(Object(Illuminate\\Http\\Request), Object(Closure))
#31 C:\\Users\\Asus\\Documents\\GitHub\\project-laravel\\code\\Rajab Abdillah 09020582024027\\web_statis\\vendor\\laravel\\framework\\src\\Illuminate\\Foundation\\Http\\Middleware\\TransformsRequest.php(21): Illuminate\\Pipeline\\Pipeline->Illuminate\\Pipeline\\{closure}(Object(Illuminate\\Http\\Request))
#32 C:\\Users\\Asus\\Documents\\GitHub\\project-laravel\\code\\Rajab Abdillah 09020582024027\\web_statis\\vendor\\laravel\\framework\\src\\Illuminate\\Foundation\\Http\\Middleware\\TrimStrings.php(40): Illuminate\\Foundation\\Http\\Middleware\\TransformsRequest->handle(Object(Illuminate\\Http\\Request), Object(Closure))
#33 C:\\Users\\Asus\\Documents\\GitHub\\project-laravel\\code\\Rajab Abdillah 09020582024027\\web_statis\\vendor\\laravel\\framework\\src\\Illuminate\\Pipeline\\Pipeline.php(167): Illuminate\\Foundation\\Http\\Middleware\\TrimStrings->handle(Object(Illuminate\\Http\\Request), Object(Closure))
#34 C:\\Users\\Asus\\Documents\\GitHub\\project-laravel\\code\\Rajab Abdillah 09020582024027\\web_statis\\vendor\\laravel\\framework\\src\\Illuminate\\Foundation\\Http\\Middleware\\ValidatePostSize.php(27): Illuminate\\Pipeline\\Pipeline->Illuminate\\Pipeline\\{closure}(Object(Illuminate\\Http\\Request))
#35 C:\\Users\\Asus\\Documents\\GitHub\\project-laravel\\code\\Rajab Abdillah 09020582024027\\web_statis\\vendor\\laravel\\framework\\src\\Illuminate\\Pipeline\\Pipeline.php(167): Illuminate\\Foundation\\Http\\Middleware\\ValidatePostSize->handle(Object(Illuminate\\Http\\Request), Object(Closure))
#36 C:\\Users\\Asus\\Documents\\GitHub\\project-laravel\\code\\Rajab Abdillah 09020582024027\\web_statis\\vendor\\laravel\\framework\\src\\Illuminate\\Foundation\\Http\\Middleware\\PreventRequestsDuringMaintenance.php(86): Illuminate\\Pipeline\\Pipeline->Illuminate\\Pipeline\\{closure}(Object(Illuminate\\Http\\Request))
#37 C:\\Users\\Asus\\Documents\\GitHub\\project-laravel\\code\\Rajab Abdillah 09020582024027\\web_statis\\vendor\\laravel\\framework\\src\\Illuminate\\Pipeline\\Pipeline.php(167): Illuminate\\Foundation\\Http\\Middleware\\PreventRequestsDuringMaintenance->handle(Object(Illuminate\\Http\\Request), Object(Closure))
#38 C:\\Users\\Asus\\Documents\\GitHub\\project-laravel\\code\\Rajab Abdillah 09020582024027\\web_statis\\vendor\\fruitcake\\laravel-cors\\src\\HandleCors.php(38): Illuminate\\Pipeline\\Pipeline->Illuminate\\Pipeline\\{closure}(Object(Illuminate\\Http\\Request))
#39 C:\\Users\\Asus\\Documents\\GitHub\\project-laravel\\code\\Rajab Abdillah 09020582024027\\web_statis\\vendor\\laravel\\framework\\src\\Illuminate\\Pipeline\\Pipeline.php(167): Fruitcake\\Cors\\HandleCors->handle(Object(Illuminate\\Http\\Request), Object(Closure))
#40 C:\\Users\\Asus\\Documents\\GitHub\\project-laravel\\code\\Rajab Abdillah 09020582024027\\web_statis\\vendor\\laravel\\framework\\src\\Illuminate\\Http\\Middleware\\TrustProxies.php(39): Illuminate\\Pipeline\\Pipeline->Illuminate\\Pipeline\\{closure}(Object(Illuminate\\Http\\Request))
#41 C:\\Users\\Asus\\Documents\\GitHub\\project-laravel\\code\\Rajab Abdillah 09020582024027\\web_statis\\vendor\\laravel\\framework\\src\\Illuminate\\Pipeline\\Pipeline.php(167): Illuminate\\Http\\Middleware\\TrustProxies->handle(Object(Illuminate\\Http\\Request), Object(Closure))
#42 C:\\Users\\Asus\\Documents\\GitHub\\project-laravel\\code\\Rajab Abdillah 09020582024027\\web_statis\\vendor\\laravel\\framework\\src\\Illuminate\\Pipeline\\Pipeline.php(103): Illuminate\\Pipeline\\Pipeline->Illuminate\\Pipeline\\{closure}(Object(Illuminate\\Http\\Request))
#43 C:\\Users\\Asus\\Documents\\GitHub\\project-laravel\\code\\Rajab Abdillah 09020582024027\\web_statis\\vendor\\laravel\\framework\\src\\Illuminate\\Foundation\\Http\\Kernel.php(141): Illuminate\\Pipeline\\Pipeline->then(Object(Closure))
#44 C:\\Users\\Asus\\Documents\\GitHub\\project-laravel\\code\\Rajab Abdillah 09020582024027\\web_statis\\vendor\\laravel\\framework\\src\\Illuminate\\Foundation\\Http\\Kernel.php(110): Illuminate\\Foundation\\Http\\Kernel->sendRequestThroughRouter(Object(Illuminate\\Http\\Request))
#45 C:\\Users\\Asus\\Documents\\GitHub\\project-laravel\\code\\Rajab Abdillah 09020582024027\\web_statis\\public\\index.php(52): Illuminate\\Foundation\\Http\\Kernel->handle(Object(Illuminate\\Http\\Request))
#46 C:\\Users\\Asus\\Documents\\GitHub\\project-laravel\\code\\Rajab Abdillah 09020582024027\\web_statis\\server.php(21): require_once('C:\\\\Users\\\\Asus\\\\D...')
#47 {main}
"} 
[2021-10-07 13:36:44] local.ERROR: View [edit] not found. {"exception":"[object] (InvalidArgumentException(code: 0): View [edit] not found. at C:\\Users\\Asus\\Documents\\GitHub\\project-laravel\\code\\Rajab Abdillah 09020582024027\\web_statis\\vendor\\laravel\\framework\\src\\Illuminate\\View\\FileViewFinder.php:137)
[stacktrace]
#0 C:\\Users\\Asus\\Documents\\GitHub\\project-laravel\\code\\Rajab Abdillah 09020582024027\\web_statis\\vendor\\laravel\\framework\\src\\Illuminate\\View\\FileViewFinder.php(79): Illuminate\\View\\FileViewFinder->findInPaths('edit', Array)
#1 C:\\Users\\Asus\\Documents\\GitHub\\project-laravel\\code\\Rajab Abdillah 09020582024027\\web_statis\\vendor\\laravel\\framework\\src\\Illuminate\\View\\Factory.php(138): Illuminate\\View\\FileViewFinder->find('edit')
#2 C:\\Users\\Asus\\Documents\\GitHub\\project-laravel\\code\\Rajab Abdillah 09020582024027\\web_statis\\vendor\\laravel\\framework\\src\\Illuminate\\Foundation\\helpers.php(919): Illuminate\\View\\Factory->make('edit', Array, Array)
#3 C:\\Users\\Asus\\Documents\\GitHub\\project-laravel\\code\\Rajab Abdillah 09020582024027\\web_statis\outes\\web.php(23): view('edit')
#4 C:\\Users\\Asus\\Documents\\GitHub\\project-laravel\\code\\Rajab Abdillah 09020582024027\\web_statis\\vendor\\laravel\\framework\\src\\Illuminate\\Routing\\Route.php(238): Illuminate\\Routing\\RouteFileRegistrar->{closure}()
#5 C:\\Users\\Asus\\Documents\\GitHub\\project-laravel\\code\\Rajab Abdillah 09020582024027\\web_statis\\vendor\\laravel\\framework\\src\\Illuminate\\Routing\\Route.php(208): Illuminate\\Routing\\Route->runCallable()
#6 C:\\Users\\Asus\\Documents\\GitHub\\project-laravel\\code\\Rajab Abdillah 09020582024027\\web_statis\\vendor\\laravel\\framework\\src\\Illuminate\\Routing\\Router.php(695): Illuminate\\Routing\\Route->run()
#7 C:\\Users\\Asus\\Documents\\GitHub\\project-laravel\\code\\Rajab Abdillah 09020582024027\\web_statis\\vendor\\laravel\\framework\\src\\Illuminate\\Pipeline\\Pipeline.php(128): Illuminate\\Routing\\Router->Illuminate\\Routing\\{closure}(Object(Illuminate\\Http\\Request))
#8 C:\\Users\\Asus\\Documents\\GitHub\\project-laravel\\code\\Rajab Abdillah 09020582024027\\web_statis\\vendor\\laravel\\framework\\src\\Illuminate\\Routing\\Middleware\\SubstituteBindings.php(50): Illuminate\\Pipeline\\Pipeline->Illuminate\\Pipeline\\{closure}(Object(Illuminate\\Http\\Request))
#9 C:\\Users\\Asus\\Documents\\GitHub\\project-laravel\\code\\Rajab Abdillah 09020582024027\\web_statis\\vendor\\laravel\\framework\\src\\Illuminate\\Pipeline\\Pipeline.php(167): Illuminate\\Routing\\Middleware\\SubstituteBindings->handle(Object(Illuminate\\Http\\Request), Object(Closure))
#10 C:\\Users\\Asus\\Documents\\GitHub\\project-laravel\\code\\Rajab Abdillah 09020582024027\\web_statis\\vendor\\laravel\\framework\\src\\Illuminate\\Foundation\\Http\\Middleware\\VerifyCsrfToken.php(78): Illuminate\\Pipeline\\Pipeline->Illuminate\\Pipeline\\{closure}(Object(Illuminate\\Http\\Request))
#11 C:\\Users\\Asus\\Documents\\GitHub\\project-laravel\\code\\Rajab Abdillah 09020582024027\\web_statis\\vendor\\laravel\\framework\\src\\Illuminate\\Pipeline\\Pipeline.php(167): Illuminate\\Foundation\\Http\\Middleware\\VerifyCsrfToken->handle(Object(Illuminate\\Http\\Request), Object(Closure))
#12 C:\\Users\\Asus\\Documents\\GitHub\\project-laravel\\code\\Rajab Abdillah 09020582024027\\web_statis\\vendor\\laravel\\framework\\src\\Illuminate\\View\\Middleware\\ShareErrorsFromSession.php(49): Illuminate\\Pipeline\\Pipeline->Illuminate\\Pipeline\\{closure}(Object(Illuminate\\Http\\Request))
#13 C:\\Users\\Asus\\Documents\\GitHub\\project-laravel\\code\\Rajab Abdillah 09020582024027\\web_statis\\vendor\\laravel\\framework\\src\\Illuminate\\Pipeline\\Pipeline.php(167): Illuminate\\View\\Middleware\\ShareErrorsFromSession->handle(Object(Illuminate\\Http\\Request), Object(Closure))
#14 C:\\Users\\Asus\\Documents\\GitHub\\project-laravel\\code\\Rajab Abdillah 09020582024027\\web_statis\\vendor\\laravel\\framework\\src\\Illuminate\\Session\\Middleware\\StartSession.php(121): Illuminate\\Pipeline\\Pipeline->Illuminate\\Pipeline\\{closure}(Object(Illuminate\\Http\\Request))
#15 C:\\Users\\Asus\\Documents\\GitHub\\project-laravel\\code\\Rajab Abdillah 09020582024027\\web_statis\\vendor\\laravel\\framework\\src\\Illuminate\\Session\\Middleware\\StartSession.php(64): Illuminate\\Session\\Middleware\\StartSession->handleStatefulRequest(Object(Illuminate\\Http\\Request), Object(Illuminate\\Session\\Store), Object(Closure))
#16 C:\\Users\\Asus\\Documents\\GitHub\\project-laravel\\code\\Rajab Abdillah 09020582024027\\web_statis\\vendor\\laravel\\framework\\src\\Illuminate\\Pipeline\\Pipeline.php(167): Illuminate\\Session\\Middleware\\StartSession->handle(Object(Illuminate\\Http\\Request), Object(Closure))
#17 C:\\Users\\Asus\\Documents\\GitHub\\project-laravel\\code\\Rajab Abdillah 09020582024027\\web_statis\\vendor\\laravel\\framework\\src\\Illuminate\\Cookie\\Middleware\\AddQueuedCookiesToResponse.php(37): Illuminate\\Pipeline\\Pipeline->Illuminate\\Pipeline\\{closure}(Object(Illuminate\\Http\\Request))
#18 C:\\Users\\Asus\\Documents\\GitHub\\project-laravel\\code\\Rajab Abdillah 09020582024027\\web_statis\\vendor\\laravel\\framework\\src\\Illuminate\\Pipeline\\Pipeline.php(167): Illuminate\\Cookie\\Middleware\\AddQueuedCookiesToResponse->handle(Object(Illuminate\\Http\\Request), Object(Closure))
#19 C:\\Users\\Asus\\Documents\\GitHub\\project-laravel\\code\\Rajab Abdillah 09020582024027\\web_statis\\vendor\\laravel\\framework\\src\\Illuminate\\Cookie\\Middleware\\EncryptCookies.php(67): Illuminate\\Pipeline\\Pipeline->Illuminate\\Pipeline\\{closure}(Object(Illuminate\\Http\\Request))
#20 C:\\Users\\Asus\\Documents\\GitHub\\project-laravel\\code\\Rajab Abdillah 09020582024027\\web_statis\\vendor\\laravel\\framework\\src\\Illuminate\\Pipeline\\Pipeline.php(167): Illuminate\\Cookie\\Middleware\\EncryptCookies->handle(Object(Illuminate\\Http\\Request), Object(Closure))
#21 C:\\Users\\Asus\\Documents\\GitHub\\project-laravel\\code\\Rajab Abdillah 09020582024027\\web_statis\\vendor\\laravel\\framework\\src\\Illuminate\\Pipeline\\Pipeline.php(103): Illuminate\\Pipeline\\Pipeline->Illuminate\\Pipeline\\{closure}(Object(Illuminate\\Http\\Request))
#22 C:\\Users\\Asus\\Documents\\GitHub\\project-laravel\\code\\Rajab Abdillah 09020582024027\\web_statis\\vendor\\laravel\\framework\\src\\Illuminate\\Routing\\Router.php(697): Illuminate\\Pipeline\\Pipeline->then(Object(Closure))
#23 C:\\Users\\Asus\\Documents\\GitHub\\project-laravel\\code\\Rajab Abdillah 09020582024027\\web_statis\\vendor\\laravel\\framework\\src\\Illuminate\\Routing\\Router.php(672): Illuminate\\Routing\\Router->runRouteWithinStack(Object(Illuminate\\Routing\\Route), Object(Illuminate\\Http\\Request))
#24 C:\\Users\\Asus\\Documents\\GitHub\\project-laravel\\code\\Rajab Abdillah 09020582024027\\web_statis\\vendor\\laravel\\framework\\src\\Illuminate\\Routing\\Router.php(636): Illuminate\\Routing\\Router->runRoute(Object(Illuminate\\Http\\Request), Object(Illuminate\\Routing\\Route))
#25 C:\\Users\\Asus\\Documents\\GitHub\\project-laravel\\code\\Rajab Abdillah 09020582024027\\web_statis\\vendor\\laravel\\framework\\src\\Illuminate\\Routing\\Router.php(625): Illuminate\\Routing\\Router->dispatchToRoute(Object(Illuminate\\Http\\Request))
#26 C:\\Users\\Asus\\Documents\\GitHub\\project-laravel\\code\\Rajab Abdillah 09020582024027\\web_statis\\vendor\\laravel\\framework\\src\\Illuminate\\Foundation\\Http\\Kernel.php(166): Illuminate\\Routing\\Router->dispatch(Object(Illuminate\\Http\\Request))
#27 C:\\Users\\Asus\\Documents\\GitHub\\project-laravel\\code\\Rajab Abdillah 09020582024027\\web_statis\\vendor\\laravel\\framework\\src\\Illuminate\\Pipeline\\Pipeline.php(128): Illuminate\\Foundation\\Http\\Kernel->Illuminate\\Foundation\\Http\\{closure}(Object(Illuminate\\Http\\Request))
#28 C:\\Users\\Asus\\Documents\\GitHub\\project-laravel\\code\\Rajab Abdillah 09020582024027\\web_statis\\vendor\\laravel\\framework\\src\\Illuminate\\Foundation\\Http\\Middleware\\TransformsRequest.php(21): Illuminate\\Pipeline\\Pipeline->Illuminate\\Pipeline\\{closure}(Object(Illuminate\\Http\\Request))
#29 C:\\Users\\Asus\\Documents\\GitHub\\project-laravel\\code\\Rajab Abdillah 09020582024027\\web_statis\\vendor\\laravel\\framework\\src\\Illuminate\\Foundation\\Http\\Middleware\\ConvertEmptyStringsToNull.php(31): Illuminate\\Foundation\\Http\\Middleware\\TransformsRequest->handle(Object(Illuminate\\Http\\Request), Object(Closure))
#30 C:\\Users\\Asus\\Documents\\GitHub\\project-laravel\\code\\Rajab Abdillah 09020582024027\\web_statis\\vendor\\laravel\\framework\\src\\Illuminate\\Pipeline\\Pipeline.php(167): Illuminate\\Foundation\\Http\\Middleware\\ConvertEmptyStringsToNull->handle(Object(Illuminate\\Http\\Request), Object(Closure))
#31 C:\\Users\\Asus\\Documents\\GitHub\\project-laravel\\code\\Rajab Abdillah 09020582024027\\web_statis\\vendor\\laravel\\framework\\src\\Illuminate\\Foundation\\Http\\Middleware\\TransformsRequest.php(21): Illuminate\\Pipeline\\Pipeline->Illuminate\\Pipeline\\{closure}(Object(Illuminate\\Http\\Request))
#32 C:\\Users\\Asus\\Documents\\GitHub\\project-laravel\\code\\Rajab Abdillah 09020582024027\\web_statis\\vendor\\laravel\\framework\\src\\Illuminate\\Foundation\\Http\\Middleware\\TrimStrings.php(40): Illuminate\\Foundation\\Http\\Middleware\\TransformsRequest->handle(Object(Illuminate\\Http\\Request), Object(Closure))
#33 C:\\Users\\Asus\\Documents\\GitHub\\project-laravel\\code\\Rajab Abdillah 09020582024027\\web_statis\\vendor\\laravel\\framework\\src\\Illuminate\\Pipeline\\Pipeline.php(167): Illuminate\\Foundation\\Http\\Middleware\\TrimStrings->handle(Object(Illuminate\\Http\\Request), Object(Closure))
#34 C:\\Users\\Asus\\Documents\\GitHub\\project-laravel\\code\\Rajab Abdillah 09020582024027\\web_statis\\vendor\\laravel\\framework\\src\\Illuminate\\Foundation\\Http\\Middleware\\ValidatePostSize.php(27): Illuminate\\Pipeline\\Pipeline->Illuminate\\Pipeline\\{closure}(Object(Illuminate\\Http\\Request))
#35 C:\\Users\\Asus\\Documents\\GitHub\\project-laravel\\code\\Rajab Abdillah 09020582024027\\web_statis\\vendor\\laravel\\framework\\src\\Illuminate\\Pipeline\\Pipeline.php(167): Illuminate\\Foundation\\Http\\Middleware\\ValidatePostSize->handle(Object(Illuminate\\Http\\Request), Object(Closure))
#36 C:\\Users\\Asus\\Documents\\GitHub\\project-laravel\\code\\Rajab Abdillah 09020582024027\\web_statis\\vendor\\laravel\\framework\\src\\Illuminate\\Foundation\\Http\\Middleware\\PreventRequestsDuringMaintenance.php(86): Illuminate\\Pipeline\\Pipeline->Illuminate\\Pipeline\\{closure}(Object(Illuminate\\Http\\Request))
#37 C:\\Users\\Asus\\Documents\\GitHub\\project-laravel\\code\\Rajab Abdillah 09020582024027\\web_statis\\vendor\\laravel\\framework\\src\\Illuminate\\Pipeline\\Pipeline.php(167): Illuminate\\Foundation\\Http\\Middleware\\PreventRequestsDuringMaintenance->handle(Object(Illuminate\\Http\\Request), Object(Closure))
#38 C:\\Users\\Asus\\Documents\\GitHub\\project-laravel\\code\\Rajab Abdillah 09020582024027\\web_statis\\vendor\\fruitcake\\laravel-cors\\src\\HandleCors.php(38): Illuminate\\Pipeline\\Pipeline->Illuminate\\Pipeline\\{closure}(Object(Illuminate\\Http\\Request))
#39 C:\\Users\\Asus\\Documents\\GitHub\\project-laravel\\code\\Rajab Abdillah 09020582024027\\web_statis\\vendor\\laravel\\framework\\src\\Illuminate\\Pipeline\\Pipeline.php(167): Fruitcake\\Cors\\HandleCors->handle(Object(Illuminate\\Http\\Request), Object(Closure))
#40 C:\\Users\\Asus\\Documents\\GitHub\\project-laravel\\code\\Rajab Abdillah 09020582024027\\web_statis\\vendor\\laravel\\framework\\src\\Illuminate\\Http\\Middleware\\TrustProxies.php(39): Illuminate\\Pipeline\\Pipeline->Illuminate\\Pipeline\\{closure}(Object(Illuminate\\Http\\Request))
#41 C:\\Users\\Asus\\Documents\\GitHub\\project-laravel\\code\\Rajab Abdillah 09020582024027\\web_statis\\vendor\\laravel\\framework\\src\\Illuminate\\Pipeline\\Pipeline.php(167): Illuminate\\Http\\Middleware\\TrustProxies->handle(Object(Illuminate\\Http\\Request), Object(Closure))
#42 C:\\Users\\Asus\\Documents\\GitHub\\project-laravel\\code\\Rajab Abdillah 09020582024027\\web_statis\\vendor\\laravel\\framework\\src\\Illuminate\\Pipeline\\Pipeline.php(103): Illuminate\\Pipeline\\Pipeline->Illuminate\\Pipeline\\{closure}(Object(Illuminate\\Http\\Request))
#43 C:\\Users\\Asus\\Documents\\GitHub\\project-laravel\\code\\Rajab Abdillah 09020582024027\\web_statis\\vendor\\laravel\\framework\\src\\Illuminate\\Foundation\\Http\\Kernel.php(141): Illuminate\\Pipeline\\Pipeline->then(Object(Closure))
#44 C:\\Users\\Asus\\Documents\\GitHub\\project-laravel\\code\\Rajab Abdillah 09020582024027\\web_statis\\vendor\\laravel\\framework\\src\\Illuminate\\Foundation\\Http\\Kernel.php(110): Illuminate\\Foundation\\Http\\Kernel->sendRequestThroughRouter(Object(Illuminate\\Http\\Request))
#45 C:\\Users\\Asus\\Documents\\GitHub\\project-laravel\\code\\Rajab Abdillah 09020582024027\\web_statis\\public\\index.php(52): Illuminate\\Foundation\\Http\\Kernel->handle(Object(Illuminate\\Http\\Request))
#46 C:\\Users\\Asus\\Documents\\GitHub\\project-laravel\\code\\Rajab Abdillah 09020582024027\\web_statis\\server.php(21): require_once('C:\\\\Users\\\\Asus\\\\D...')
#47 {main}
"} 
[2021-10-07 13:39:42] local.ERROR: Class 'oute' not found {"exception":"[object] (Error(code: 0): Class 'oute' not found at C:\\Users\\Asus\\Documents\\GitHub\\project-laravel\\code\\Rajab Abdillah 09020582024027\\web_statis\outes\\web.php:28)
[stacktrace]
#0 C:\\Users\\Asus\\Documents\\GitHub\\project-laravel\\code\\Rajab Abdillah 09020582024027\\web_statis\\vendor\\laravel\\framework\\src\\Illuminate\\Routing\\RouteFileRegistrar.php(35): require()
#1 C:\\Users\\Asus\\Documents\\GitHub\\project-laravel\\code\\Rajab Abdillah 09020582024027\\web_statis\\vendor\\laravel\\framework\\src\\Illuminate\\Routing\\Router.php(425): Illuminate\\Routing\\RouteFileRegistrar->register('C:\\\\Users\\\\Asus\\\\D...')
#2 C:\\Users\\Asus\\Documents\\GitHub\\project-laravel\\code\\Rajab Abdillah 09020582024027\\web_statis\\vendor\\laravel\\framework\\src\\Illuminate\\Routing\\Router.php(382): Illuminate\\Routing\\Router->loadRoutes('C:\\\\Users\\\\Asus\\\\D...')
#3 C:\\Users\\Asus\\Documents\\GitHub\\project-laravel\\code\\Rajab Abdillah 09020582024027\\web_statis\\vendor\\laravel\\framework\\src\\Illuminate\\Routing\\RouteRegistrar.php(135): Illuminate\\Routing\\Router->group(Array, 'C:\\\\Users\\\\Asus\\\\D...')
#4 C:\\Users\\Asus\\Documents\\GitHub\\project-laravel\\code\\Rajab Abdillah 09020582024027\\web_statis\\app\\Providers\\RouteServiceProvider.php(48): Illuminate\\Routing\\RouteRegistrar->group('C:\\\\Users\\\\Asus\\\\D...')
#5 C:\\Users\\Asus\\Documents\\GitHub\\project-laravel\\code\\Rajab Abdillah 09020582024027\\web_statis\\vendor\\laravel\\framework\\src\\Illuminate\\Container\\BoundMethod.php(36): App\\Providers\\RouteServiceProvider->App\\Providers\\{closure}()
#6 C:\\Users\\Asus\\Documents\\GitHub\\project-laravel\\code\\Rajab Abdillah 09020582024027\\web_statis\\vendor\\laravel\\framework\\src\\Illuminate\\Container\\Util.php(40): Illuminate\\Container\\BoundMethod::Illuminate\\Container\\{closure}()
#7 C:\\Users\\Asus\\Documents\\GitHub\\project-laravel\\code\\Rajab Abdillah 09020582024027\\web_statis\\vendor\\laravel\\framework\\src\\Illuminate\\Container\\BoundMethod.php(81): Illuminate\\Container\\Util::unwrapIfClosure(Object(Closure))
#8 C:\\Users\\Asus\\Documents\\GitHub\\project-laravel\\code\\Rajab Abdillah 09020582024027\\web_statis\\vendor\\laravel\\framework\\src\\Illuminate\\Container\\BoundMethod.php(37): Illuminate\\Container\\BoundMethod::callBoundMethod(Object(Illuminate\\Foundation\\Application), Object(Closure), Object(Closure))
#9 C:\\Users\\Asus\\Documents\\GitHub\\project-laravel\\code\\Rajab Abdillah 09020582024027\\web_statis\\vendor\\laravel\\framework\\src\\Illuminate\\Container\\Container.php(653): Illuminate\\Container\\BoundMethod::call(Object(Illuminate\\Foundation\\Application), Object(Closure), Array, NULL)
#10 C:\\Users\\Asus\\Documents\\GitHub\\project-laravel\\code\\Rajab Abdillah 09020582024027\\web_statis\\vendor\\laravel\\framework\\src\\Illuminate\\Foundation\\Support\\Providers\\RouteServiceProvider.php(120): Illuminate\\Container\\Container->call(Object(Closure))
#11 C:\\Users\\Asus\\Documents\\GitHub\\project-laravel\\code\\Rajab Abdillah 09020582024027\\web_statis\\vendor\\laravel\\framework\\src\\Illuminate\\Foundation\\Support\\Providers\\RouteServiceProvider.php(45): Illuminate\\Foundation\\Support\\Providers\\RouteServiceProvider->loadRoutes()
#12 C:\\Users\\Asus\\Documents\\GitHub\\project-laravel\\code\\Rajab Abdillah 09020582024027\\web_statis\\vendor\\laravel\\framework\\src\\Illuminate\\Container\\BoundMethod.php(36): Illuminate\\Foundation\\Support\\Providers\\RouteServiceProvider->Illuminate\\Foundation\\Support\\Providers\\{closure}()
#13 C:\\Users\\Asus\\Documents\\GitHub\\project-laravel\\code\\Rajab Abdillah 09020582024027\\web_statis\\vendor\\laravel\\framework\\src\\Illuminate\\Container\\Util.php(40): Illuminate\\Container\\BoundMethod::Illuminate\\Container\\{closure}()
#14 C:\\Users\\Asus\\Documents\\GitHub\\project-laravel\\code\\Rajab Abdillah 09020582024027\\web_statis\\vendor\\laravel\\framework\\src\\Illuminate\\Container\\BoundMethod.php(81): Illuminate\\Container\\Util::unwrapIfClosure(Object(Closure))
#15 C:\\Users\\Asus\\Documents\\GitHub\\project-laravel\\code\\Rajab Abdillah 09020582024027\\web_statis\\vendor\\laravel\\framework\\src\\Illuminate\\Container\\BoundMethod.php(37): Illuminate\\Container\\BoundMethod::callBoundMethod(Object(Illuminate\\Foundation\\Application), Object(Closure), Object(Closure))
#16 C:\\Users\\Asus\\Documents\\GitHub\\project-laravel\\code\\Rajab Abdillah 09020582024027\\web_statis\\vendor\\laravel\\framework\\src\\Illuminate\\Container\\Container.php(653): Illuminate\\Container\\BoundMethod::call(Object(Illuminate\\Foundation\\Application), Object(Closure), Array, NULL)
#17 C:\\Users\\Asus\\Documents\\GitHub\\project-laravel\\code\\Rajab Abdillah 09020582024027\\web_statis\\vendor\\laravel\\framework\\src\\Illuminate\\Support\\ServiceProvider.php(113): Illuminate\\Container\\Container->call(Object(Closure))
#18 C:\\Users\\Asus\\Documents\\GitHub\\project-laravel\\code\\Rajab Abdillah 09020582024027\\web_statis\\vendor\\laravel\\framework\\src\\Illuminate\\Foundation\\Application.php(917): Illuminate\\Support\\ServiceProvider->callBootedCallbacks()
#19 C:\\Users\\Asus\\Documents\\GitHub\\project-laravel\\code\\Rajab Abdillah 09020582024027\\web_statis\\vendor\\laravel\\framework\\src\\Illuminate\\Foundation\\Application.php(895): Illuminate\\Foundation\\Application->bootProvider(Object(App\\Providers\\RouteServiceProvider))
#20 [internal function]: Illuminate\\Foundation\\Application->Illuminate\\Foundation\\{closure}(Object(App\\Providers\\RouteServiceProvider), 23)
#21 C:\\Users\\Asus\\Documents\\GitHub\\project-laravel\\code\\Rajab Abdillah 09020582024027\\web_statis\\vendor\\laravel\\framework\\src\\Illuminate\\Foundation\\Application.php(896): array_walk(Array, Object(Closure))
#22 C:\\Users\\Asus\\Documents\\GitHub\\project-laravel\\code\\Rajab Abdillah 09020582024027\\web_statis\\vendor\\laravel\\framework\\src\\Illuminate\\Foundation\\Bootstrap\\BootProviders.php(17): Illuminate\\Foundation\\Application->boot()
#23 C:\\Users\\Asus\\Documents\\GitHub\\project-laravel\\code\\Rajab Abdillah 09020582024027\\web_statis\\vendor\\laravel\\framework\\src\\Illuminate\\Foundation\\Application.php(237): Illuminate\\Foundation\\Bootstrap\\BootProviders->bootstrap(Object(Illuminate\\Foundation\\Application))
#24 C:\\Users\\Asus\\Documents\\GitHub\\project-laravel\\code\\Rajab Abdillah 09020582024027\\web_statis\\vendor\\laravel\\framework\\src\\Illuminate\\Foundation\\Http\\Kernel.php(152): Illuminate\\Foundation\\Application->bootstrapWith(Array)
#25 C:\\Users\\Asus\\Documents\\GitHub\\project-laravel\\code\\Rajab Abdillah 09020582024027\\web_statis\\vendor\\laravel\\framework\\src\\Illuminate\\Foundation\\Http\\Kernel.php(136): Illuminate\\Foundation\\Http\\Kernel->bootstrap()
#26 C:\\Users\\Asus\\Documents\\GitHub\\project-laravel\\code\\Rajab Abdillah 09020582024027\\web_statis\\vendor\\laravel\\framework\\src\\Illuminate\\Foundation\\Http\\Kernel.php(110): Illuminate\\Foundation\\Http\\Kernel->sendRequestThroughRouter(Object(Illuminate\\Http\\Request))
#27 C:\\Users\\Asus\\Documents\\GitHub\\project-laravel\\code\\Rajab Abdillah 09020582024027\\web_statis\\public\\index.php(52): Illuminate\\Foundation\\Http\\Kernel->handle(Object(Illuminate\\Http\\Request))
#28 C:\\Users\\Asus\\Documents\\GitHub\\project-laravel\\code\\Rajab Abdillah 09020582024027\\web_statis\\server.php(21): require_once('C:\\\\Users\\\\Asus\\\\D...')
#29 {main}
"} 
[2021-10-07 13:40:21] local.ERROR: Class 'oute' not found {"exception":"[object] (Error(code: 0): Class 'oute' not found at C:\\Users\\Asus\\Documents\\GitHub\\project-laravel\\code\\Rajab Abdillah 09020582024027\\web_statis\outes\\web.php:28)
[stacktrace]
#0 C:\\Users\\Asus\\Documents\\GitHub\\project-laravel\\code\\Rajab Abdillah 09020582024027\\web_statis\\vendor\\laravel\\framework\\src\\Illuminate\\Routing\\RouteFileRegistrar.php(35): require()
#1 C:\\Users\\Asus\\Documents\\GitHub\\project-laravel\\code\\Rajab Abdillah 09020582024027\\web_statis\\vendor\\laravel\\framework\\src\\Illuminate\\Routing\\Router.php(425): Illuminate\\Routing\\RouteFileRegistrar->register('C:\\\\Users\\\\Asus\\\\D...')
#2 C:\\Users\\Asus\\Documents\\GitHub\\project-laravel\\code\\Rajab Abdillah 09020582024027\\web_statis\\vendor\\laravel\\framework\\src\\Illuminate\\Routing\\Router.php(382): Illuminate\\Routing\\Router->loadRoutes('C:\\\\Users\\\\Asus\\\\D...')
#3 C:\\Users\\Asus\\Documents\\GitHub\\project-laravel\\code\\Rajab Abdillah 09020582024027\\web_statis\\vendor\\laravel\\framework\\src\\Illuminate\\Routing\\RouteRegistrar.php(135): Illuminate\\Routing\\Router->group(Array, 'C:\\\\Users\\\\Asus\\\\D...')
#4 C:\\Users\\Asus\\Documents\\GitHub\\project-laravel\\code\\Rajab Abdillah 09020582024027\\web_statis\\app\\Providers\\RouteServiceProvider.php(48): Illuminate\\Routing\\RouteRegistrar->group('C:\\\\Users\\\\Asus\\\\D...')
#5 C:\\Users\\Asus\\Documents\\GitHub\\project-laravel\\code\\Rajab Abdillah 09020582024027\\web_statis\\vendor\\laravel\\framework\\src\\Illuminate\\Container\\BoundMethod.php(36): App\\Providers\\RouteServiceProvider->App\\Providers\\{closure}()
#6 C:\\Users\\Asus\\Documents\\GitHub\\project-laravel\\code\\Rajab Abdillah 09020582024027\\web_statis\\vendor\\laravel\\framework\\src\\Illuminate\\Container\\Util.php(40): Illuminate\\Container\\BoundMethod::Illuminate\\Container\\{closure}()
#7 C:\\Users\\Asus\\Documents\\GitHub\\project-laravel\\code\\Rajab Abdillah 09020582024027\\web_statis\\vendor\\laravel\\framework\\src\\Illuminate\\Container\\BoundMethod.php(81): Illuminate\\Container\\Util::unwrapIfClosure(Object(Closure))
#8 C:\\Users\\Asus\\Documents\\GitHub\\project-laravel\\code\\Rajab Abdillah 09020582024027\\web_statis\\vendor\\laravel\\framework\\src\\Illuminate\\Container\\BoundMethod.php(37): Illuminate\\Container\\BoundMethod::callBoundMethod(Object(Illuminate\\Foundation\\Application), Object(Closure), Object(Closure))
#9 C:\\Users\\Asus\\Documents\\GitHub\\project-laravel\\code\\Rajab Abdillah 09020582024027\\web_statis\\vendor\\laravel\\framework\\src\\Illuminate\\Container\\Container.php(653): Illuminate\\Container\\BoundMethod::call(Object(Illuminate\\Foundation\\Application), Object(Closure), Array, NULL)
#10 C:\\Users\\Asus\\Documents\\GitHub\\project-laravel\\code\\Rajab Abdillah 09020582024027\\web_statis\\vendor\\laravel\\framework\\src\\Illuminate\\Foundation\\Support\\Providers\\RouteServiceProvider.php(120): Illuminate\\Container\\Container->call(Object(Closure))
#11 C:\\Users\\Asus\\Documents\\GitHub\\project-laravel\\code\\Rajab Abdillah 09020582024027\\web_statis\\vendor\\laravel\\framework\\src\\Illuminate\\Foundation\\Support\\Providers\\RouteServiceProvider.php(45): Illuminate\\Foundation\\Support\\Providers\\RouteServiceProvider->loadRoutes()
#12 C:\\Users\\Asus\\Documents\\GitHub\\project-laravel\\code\\Rajab Abdillah 09020582024027\\web_statis\\vendor\\laravel\\framework\\src\\Illuminate\\Container\\BoundMethod.php(36): Illuminate\\Foundation\\Support\\Providers\\RouteServiceProvider->Illuminate\\Foundation\\Support\\Providers\\{closure}()
#13 C:\\Users\\Asus\\Documents\\GitHub\\project-laravel\\code\\Rajab Abdillah 09020582024027\\web_statis\\vendor\\laravel\\framework\\src\\Illuminate\\Container\\Util.php(40): Illuminate\\Container\\BoundMethod::Illuminate\\Container\\{closure}()
#14 C:\\Users\\Asus\\Documents\\GitHub\\project-laravel\\code\\Rajab Abdillah 09020582024027\\web_statis\\vendor\\laravel\\framework\\src\\Illuminate\\Container\\BoundMethod.php(81): Illuminate\\Container\\Util::unwrapIfClosure(Object(Closure))
#15 C:\\Users\\Asus\\Documents\\GitHub\\project-laravel\\code\\Rajab Abdillah 09020582024027\\web_statis\\vendor\\laravel\\framework\\src\\Illuminate\\Container\\BoundMethod.php(37): Illuminate\\Container\\BoundMethod::callBoundMethod(Object(Illuminate\\Foundation\\Application), Object(Closure), Object(Closure))
#16 C:\\Users\\Asus\\Documents\\GitHub\\project-laravel\\code\\Rajab Abdillah 09020582024027\\web_statis\\vendor\\laravel\\framework\\src\\Illuminate\\Container\\Container.php(653): Illuminate\\Container\\BoundMethod::call(Object(Illuminate\\Foundation\\Application), Object(Closure), Array, NULL)
#17 C:\\Users\\Asus\\Documents\\GitHub\\project-laravel\\code\\Rajab Abdillah 09020582024027\\web_statis\\vendor\\laravel\\framework\\src\\Illuminate\\Support\\ServiceProvider.php(113): Illuminate\\Container\\Container->call(Object(Closure))
#18 C:\\Users\\Asus\\Documents\\GitHub\\project-laravel\\code\\Rajab Abdillah 09020582024027\\web_statis\\vendor\\laravel\\framework\\src\\Illuminate\\Foundation\\Application.php(917): Illuminate\\Support\\ServiceProvider->callBootedCallbacks()
#19 C:\\Users\\Asus\\Documents\\GitHub\\project-laravel\\code\\Rajab Abdillah 09020582024027\\web_statis\\vendor\\laravel\\framework\\src\\Illuminate\\Foundation\\Application.php(895): Illuminate\\Foundation\\Application->bootProvider(Object(App\\Providers\\RouteServiceProvider))
#20 [internal function]: Illuminate\\Foundation\\Application->Illuminate\\Foundation\\{closure}(Object(App\\Providers\\RouteServiceProvider), 23)
#21 C:\\Users\\Asus\\Documents\\GitHub\\project-laravel\\code\\Rajab Abdillah 09020582024027\\web_statis\\vendor\\laravel\\framework\\src\\Illuminate\\Foundation\\Application.php(896): array_walk(Array, Object(Closure))
#22 C:\\Users\\Asus\\Documents\\GitHub\\project-laravel\\code\\Rajab Abdillah 09020582024027\\web_statis\\vendor\\laravel\\framework\\src\\Illuminate\\Foundation\\Bootstrap\\BootProviders.php(17): Illuminate\\Foundation\\Application->boot()
#23 C:\\Users\\Asus\\Documents\\GitHub\\project-laravel\\code\\Rajab Abdillah 09020582024027\\web_statis\\vendor\\laravel\\framework\\src\\Illuminate\\Foundation\\Application.php(237): Illuminate\\Foundation\\Bootstrap\\BootProviders->bootstrap(Object(Illuminate\\Foundation\\Application))
#24 C:\\Users\\Asus\\Documents\\GitHub\\project-laravel\\code\\Rajab Abdillah 09020582024027\\web_statis\\vendor\\laravel\\framework\\src\\Illuminate\\Foundation\\Console\\Kernel.php(310): Illuminate\\Foundation\\Application->bootstrapWith(Array)
#25 C:\\Users\\Asus\\Documents\\GitHub\\project-laravel\\code\\Rajab Abdillah 09020582024027\\web_statis\\vendor\\laravel\\framework\\src\\Illuminate\\Foundation\\Console\\Kernel.php(127): Illuminate\\Foundation\\Console\\Kernel->bootstrap()
#26 C:\\Users\\Asus\\Documents\\GitHub\\project-laravel\\code\\Rajab Abdillah 09020582024027\\web_statis\\artisan(37): Illuminate\\Foundation\\Console\\Kernel->handle(Object(Symfony\\Component\\Console\\Input\\ArgvInput), Object(Symfony\\Component\\Console\\Output\\ConsoleOutput))
#27 {main}
"} 
[2021-10-07 13:40:35] local.ERROR: Class 'oute' not found {"exception":"[object] (Error(code: 0): Class 'oute' not found at C:\\Users\\Asus\\Documents\\GitHub\\project-laravel\\code\\Rajab Abdillah 09020582024027\\web_statis\outes\\web.php:28)
[stacktrace]
#0 C:\\Users\\Asus\\Documents\\GitHub\\project-laravel\\code\\Rajab Abdillah 09020582024027\\web_statis\\vendor\\laravel\\framework\\src\\Illuminate\\Routing\\RouteFileRegistrar.php(35): require()
#1 C:\\Users\\Asus\\Documents\\GitHub\\project-laravel\\code\\Rajab Abdillah 09020582024027\\web_statis\\vendor\\laravel\\framework\\src\\Illuminate\\Routing\\Router.php(425): Illuminate\\Routing\\RouteFileRegistrar->register('C:\\\\Users\\\\Asus\\\\D...')
#2 C:\\Users\\Asus\\Documents\\GitHub\\project-laravel\\code\\Rajab Abdillah 09020582024027\\web_statis\\vendor\\laravel\\framework\\src\\Illuminate\\Routing\\Router.php(382): Illuminate\\Routing\\Router->loadRoutes('C:\\\\Users\\\\Asus\\\\D...')
#3 C:\\Users\\Asus\\Documents\\GitHub\\project-laravel\\code\\Rajab Abdillah 09020582024027\\web_statis\\vendor\\laravel\\framework\\src\\Illuminate\\Routing\\RouteRegistrar.php(135): Illuminate\\Routing\\Router->group(Array, 'C:\\\\Users\\\\Asus\\\\D...')
#4 C:\\Users\\Asus\\Documents\\GitHub\\project-laravel\\code\\Rajab Abdillah 09020582024027\\web_statis\\app\\Providers\\RouteServiceProvider.php(48): Illuminate\\Routing\\RouteRegistrar->group('C:\\\\Users\\\\Asus\\\\D...')
#5 C:\\Users\\Asus\\Documents\\GitHub\\project-laravel\\code\\Rajab Abdillah 09020582024027\\web_statis\\vendor\\laravel\\framework\\src\\Illuminate\\Container\\BoundMethod.php(36): App\\Providers\\RouteServiceProvider->App\\Providers\\{closure}()
#6 C:\\Users\\Asus\\Documents\\GitHub\\project-laravel\\code\\Rajab Abdillah 09020582024027\\web_statis\\vendor\\laravel\\framework\\src\\Illuminate\\Container\\Util.php(40): Illuminate\\Container\\BoundMethod::Illuminate\\Container\\{closure}()
#7 C:\\Users\\Asus\\Documents\\GitHub\\project-laravel\\code\\Rajab Abdillah 09020582024027\\web_statis\\vendor\\laravel\\framework\\src\\Illuminate\\Container\\BoundMethod.php(81): Illuminate\\Container\\Util::unwrapIfClosure(Object(Closure))
#8 C:\\Users\\Asus\\Documents\\GitHub\\project-laravel\\code\\Rajab Abdillah 09020582024027\\web_statis\\vendor\\laravel\\framework\\src\\Illuminate\\Container\\BoundMethod.php(37): Illuminate\\Container\\BoundMethod::callBoundMethod(Object(Illuminate\\Foundation\\Application), Object(Closure), Object(Closure))
#9 C:\\Users\\Asus\\Documents\\GitHub\\project-laravel\\code\\Rajab Abdillah 09020582024027\\web_statis\\vendor\\laravel\\framework\\src\\Illuminate\\Container\\Container.php(653): Illuminate\\Container\\BoundMethod::call(Object(Illuminate\\Foundation\\Application), Object(Closure), Array, NULL)
#10 C:\\Users\\Asus\\Documents\\GitHub\\project-laravel\\code\\Rajab Abdillah 09020582024027\\web_statis\\vendor\\laravel\\framework\\src\\Illuminate\\Foundation\\Support\\Providers\\RouteServiceProvider.php(120): Illuminate\\Container\\Container->call(Object(Closure))
#11 C:\\Users\\Asus\\Documents\\GitHub\\project-laravel\\code\\Rajab Abdillah 09020582024027\\web_statis\\vendor\\laravel\\framework\\src\\Illuminate\\Foundation\\Support\\Providers\\RouteServiceProvider.php(45): Illuminate\\Foundation\\Support\\Providers\\RouteServiceProvider->loadRoutes()
#12 C:\\Users\\Asus\\Documents\\GitHub\\project-laravel\\code\\Rajab Abdillah 09020582024027\\web_statis\\vendor\\laravel\\framework\\src\\Illuminate\\Container\\BoundMethod.php(36): Illuminate\\Foundation\\Support\\Providers\\RouteServiceProvider->Illuminate\\Foundation\\Support\\Providers\\{closure}()
#13 C:\\Users\\Asus\\Documents\\GitHub\\project-laravel\\code\\Rajab Abdillah 09020582024027\\web_statis\\vendor\\laravel\\framework\\src\\Illuminate\\Container\\Util.php(40): Illuminate\\Container\\BoundMethod::Illuminate\\Container\\{closure}()
#14 C:\\Users\\Asus\\Documents\\GitHub\\project-laravel\\code\\Rajab Abdillah 09020582024027\\web_statis\\vendor\\laravel\\framework\\src\\Illuminate\\Container\\BoundMethod.php(81): Illuminate\\Container\\Util::unwrapIfClosure(Object(Closure))
#15 C:\\Users\\Asus\\Documents\\GitHub\\project-laravel\\code\\Rajab Abdillah 09020582024027\\web_statis\\vendor\\laravel\\framework\\src\\Illuminate\\Container\\BoundMethod.php(37): Illuminate\\Container\\BoundMethod::callBoundMethod(Object(Illuminate\\Foundation\\Application), Object(Closure), Object(Closure))
#16 C:\\Users\\Asus\\Documents\\GitHub\\project-laravel\\code\\Rajab Abdillah 09020582024027\\web_statis\\vendor\\laravel\\framework\\src\\Illuminate\\Container\\Container.php(653): Illuminate\\Container\\BoundMethod::call(Object(Illuminate\\Foundation\\Application), Object(Closure), Array, NULL)
#17 C:\\Users\\Asus\\Documents\\GitHub\\project-laravel\\code\\Rajab Abdillah 09020582024027\\web_statis\\vendor\\laravel\\framework\\src\\Illuminate\\Support\\ServiceProvider.php(113): Illuminate\\Container\\Container->call(Object(Closure))
#18 C:\\Users\\Asus\\Documents\\GitHub\\project-laravel\\code\\Rajab Abdillah 09020582024027\\web_statis\\vendor\\laravel\\framework\\src\\Illuminate\\Foundation\\Application.php(917): Illuminate\\Support\\ServiceProvider->callBootedCallbacks()
#19 C:\\Users\\Asus\\Documents\\GitHub\\project-laravel\\code\\Rajab Abdillah 09020582024027\\web_statis\\vendor\\laravel\\framework\\src\\Illuminate\\Foundation\\Application.php(895): Illuminate\\Foundation\\Application->bootProvider(Object(App\\Providers\\RouteServiceProvider))
#20 [internal function]: Illuminate\\Foundation\\Application->Illuminate\\Foundation\\{closure}(Object(App\\Providers\\RouteServiceProvider), 23)
#21 C:\\Users\\Asus\\Documents\\GitHub\\project-laravel\\code\\Rajab Abdillah 09020582024027\\web_statis\\vendor\\laravel\\framework\\src\\Illuminate\\Foundation\\Application.php(896): array_walk(Array, Object(Closure))
#22 C:\\Users\\Asus\\Documents\\GitHub\\project-laravel\\code\\Rajab Abdillah 09020582024027\\web_statis\\vendor\\laravel\\framework\\src\\Illuminate\\Foundation\\Bootstrap\\BootProviders.php(17): Illuminate\\Foundation\\Application->boot()
#23 C:\\Users\\Asus\\Documents\\GitHub\\project-laravel\\code\\Rajab Abdillah 09020582024027\\web_statis\\vendor\\laravel\\framework\\src\\Illuminate\\Foundation\\Application.php(237): Illuminate\\Foundation\\Bootstrap\\BootProviders->bootstrap(Object(Illuminate\\Foundation\\Application))
#24 C:\\Users\\Asus\\Documents\\GitHub\\project-laravel\\code\\Rajab Abdillah 09020582024027\\web_statis\\vendor\\laravel\\framework\\src\\Illuminate\\Foundation\\Console\\Kernel.php(310): Illuminate\\Foundation\\Application->bootstrapWith(Array)
#25 C:\\Users\\Asus\\Documents\\GitHub\\project-laravel\\code\\Rajab Abdillah 09020582024027\\web_statis\\vendor\\laravel\\framework\\src\\Illuminate\\Foundation\\Console\\Kernel.php(127): Illuminate\\Foundation\\Console\\Kernel->bootstrap()
#26 C:\\Users\\Asus\\Documents\\GitHub\\project-laravel\\code\\Rajab Abdillah 09020582024027\\web_statis\\artisan(37): Illuminate\\Foundation\\Console\\Kernel->handle(Object(Symfony\\Component\\Console\\Input\\ArgvInput), Object(Symfony\\Component\\Console\\Output\\ConsoleOutput))
#27 {main}
"} 
