[2021-10-01 12:39:36] local.ERROR: View [about us] not found. {"exception":"[object] (InvalidArgumentException(code: 0): View [about us] not found. at D:\\Rio\\Pemograman web 2 sems 3\\project-laravel\\code\\RioAlfido-09020582024018\\web_statis\\vendor\\laravel\\framework\\src\\Illuminate\\View\\FileViewFinder.php:137)
[stacktrace]
#0 D:\\Rio\\Pemograman web 2 sems 3\\project-laravel\\code\\RioAlfido-09020582024018\\web_statis\\vendor\\laravel\\framework\\src\\Illuminate\\View\\FileViewFinder.php(79): Illuminate\\View\\FileViewFinder->findInPaths('about us', Array)
#1 D:\\Rio\\Pemograman web 2 sems 3\\project-laravel\\code\\RioAlfido-09020582024018\\web_statis\\vendor\\laravel\\framework\\src\\Illuminate\\View\\Factory.php(138): Illuminate\\View\\FileViewFinder->find('about us')
#2 D:\\Rio\\Pemograman web 2 sems 3\\project-laravel\\code\\RioAlfido-09020582024018\\web_statis\\vendor\\laravel\\framework\\src\\Illuminate\\Foundation\\helpers.php(919): Illuminate\\View\\Factory->make('about us', Array, Array)
#3 D:\\Rio\\Pemograman web 2 sems 3\\project-laravel\\code\\RioAlfido-09020582024018\\web_statis\outes\\web.php(21): view('about us')
#4 D:\\Rio\\Pemograman web 2 sems 3\\project-laravel\\code\\RioAlfido-09020582024018\\web_statis\\vendor\\laravel\\framework\\src\\Illuminate\\Routing\\Route.php(237): Illuminate\\Routing\\RouteFileRegistrar->{closure}()
#5 D:\\Rio\\Pemograman web 2 sems 3\\project-laravel\\code\\RioAlfido-09020582024018\\web_statis\\vendor\\laravel\\framework\\src\\Illuminate\\Routing\\Route.php(207): Illuminate\\Routing\\Route->runCallable()
#6 D:\\Rio\\Pemograman web 2 sems 3\\project-laravel\\code\\RioAlfido-09020582024018\\web_statis\\vendor\\laravel\\framework\\src\\Illuminate\\Routing\\Router.php(695): Illuminate\\Routing\\Route->run()
#7 D:\\Rio\\Pemograman web 2 sems 3\\project-laravel\\code\\RioAlfido-09020582024018\\web_statis\\vendor\\laravel\\framework\\src\\Illuminate\\Pipeline\\Pipeline.php(128): Illuminate\\Routing\\Router->Illuminate\\Routing\\{closure}(Object(Illuminate\\Http\\Request))
#8 D:\\Rio\\Pemograman web 2 sems 3\\project-laravel\\code\\RioAlfido-09020582024018\\web_statis\\vendor\\laravel\\framework\\src\\Illuminate\\Routing\\Middleware\\SubstituteBindings.php(50): Illuminate\\Pipeline\\Pipeline->Illuminate\\Pipeline\\{closure}(Object(Illuminate\\Http\\Request))
#9 D:\\Rio\\Pemograman web 2 sems 3\\project-laravel\\code\\RioAlfido-09020582024018\\web_statis\\vendor\\laravel\\framework\\src\\Illuminate\\Pipeline\\Pipeline.php(167): Illuminate\\Routing\\Middleware\\SubstituteBindings->handle(Object(Illuminate\\Http\\Request), Object(Closure))
#10 D:\\Rio\\Pemograman web 2 sems 3\\project-laravel\\code\\RioAlfido-09020582024018\\web_statis\\vendor\\laravel\\framework\\src\\Illuminate\\Foundation\\Http\\Middleware\\VerifyCsrfToken.php(78): Illuminate\\Pipeline\\Pipeline->Illuminate\\Pipeline\\{closure}(Object(Illuminate\\Http\\Request))
#11 D:\\Rio\\Pemograman web 2 sems 3\\project-laravel\\code\\RioAlfido-09020582024018\\web_statis\\vendor\\laravel\\framework\\src\\Illuminate\\Pipeline\\Pipeline.php(167): Illuminate\\Foundation\\Http\\Middleware\\VerifyCsrfToken->handle(Object(Illuminate\\Http\\Request), Object(Closure))
#12 D:\\Rio\\Pemograman web 2 sems 3\\project-laravel\\code\\RioAlfido-09020582024018\\web_statis\\vendor\\laravel\\framework\\src\\Illuminate\\View\\Middleware\\ShareErrorsFromSession.php(49): Illuminate\\Pipeline\\Pipeline->Illuminate\\Pipeline\\{closure}(Object(Illuminate\\Http\\Request))
#13 D:\\Rio\\Pemograman web 2 sems 3\\project-laravel\\code\\RioAlfido-09020582024018\\web_statis\\vendor\\laravel\\framework\\src\\Illuminate\\Pipeline\\Pipeline.php(167): Illuminate\\View\\Middleware\\ShareErrorsFromSession->handle(Object(Illuminate\\Http\\Request), Object(Closure))
#14 D:\\Rio\\Pemograman web 2 sems 3\\project-laravel\\code\\RioAlfido-09020582024018\\web_statis\\vendor\\laravel\\framework\\src\\Illuminate\\Session\\Middleware\\StartSession.php(121): Illuminate\\Pipeline\\Pipeline->Illuminate\\Pipeline\\{closure}(Object(Illuminate\\Http\\Request))
#15 D:\\Rio\\Pemograman web 2 sems 3\\project-laravel\\code\\RioAlfido-09020582024018\\web_statis\\vendor\\laravel\\framework\\src\\Illuminate\\Session\\Middleware\\StartSession.php(64): Illuminate\\Session\\Middleware\\StartSession->handleStatefulRequest(Object(Illuminate\\Http\\Request), Object(Illuminate\\Session\\Store), Object(Closure))
#16 D:\\Rio\\Pemograman web 2 sems 3\\project-laravel\\code\\RioAlfido-09020582024018\\web_statis\\vendor\\laravel\\framework\\src\\Illuminate\\Pipeline\\Pipeline.php(167): Illuminate\\Session\\Middleware\\StartSession->handle(Object(Illuminate\\Http\\Request), Object(Closure))
#17 D:\\Rio\\Pemograman web 2 sems 3\\project-laravel\\code\\RioAlfido-09020582024018\\web_statis\\vendor\\laravel\\framework\\src\\Illuminate\\Cookie\\Middleware\\AddQueuedCookiesToResponse.php(37): Illuminate\\Pipeline\\Pipeline->Illuminate\\Pipeline\\{closure}(Object(Illuminate\\Http\\Request))
#18 D:\\Rio\\Pemograman web 2 sems 3\\project-laravel\\code\\RioAlfido-09020582024018\\web_statis\\vendor\\laravel\\framework\\src\\Illuminate\\Pipeline\\Pipeline.php(167): Illuminate\\Cookie\\Middleware\\AddQueuedCookiesToResponse->handle(Object(Illuminate\\Http\\Request), Object(Closure))
#19 D:\\Rio\\Pemograman web 2 sems 3\\project-laravel\\code\\RioAlfido-09020582024018\\web_statis\\vendor\\laravel\\framework\\src\\Illuminate\\Cookie\\Middleware\\EncryptCookies.php(67): Illuminate\\Pipeline\\Pipeline->Illuminate\\Pipeline\\{closure}(Object(Illuminate\\Http\\Request))
#20 D:\\Rio\\Pemograman web 2 sems 3\\project-laravel\\code\\RioAlfido-09020582024018\\web_statis\\vendor\\laravel\\framework\\src\\Illuminate\\Pipeline\\Pipeline.php(167): Illuminate\\Cookie\\Middleware\\EncryptCookies->handle(Object(Illuminate\\Http\\Request), Object(Closure))
#21 D:\\Rio\\Pemograman web 2 sems 3\\project-laravel\\code\\RioAlfido-09020582024018\\web_statis\\vendor\\laravel\\framework\\src\\Illuminate\\Pipeline\\Pipeline.php(103): Illuminate\\Pipeline\\Pipeline->Illuminate\\Pipeline\\{closure}(Object(Illuminate\\Http\\Request))
#22 D:\\Rio\\Pemograman web 2 sems 3\\project-laravel\\code\\RioAlfido-09020582024018\\web_statis\\vendor\\laravel\\framework\\src\\Illuminate\\Routing\\Router.php(697): Illuminate\\Pipeline\\Pipeline->then(Object(Closure))
#23 D:\\Rio\\Pemograman web 2 sems 3\\project-laravel\\code\\RioAlfido-09020582024018\\web_statis\\vendor\\laravel\\framework\\src\\Illuminate\\Routing\\Router.php(672): Illuminate\\Routing\\Router->runRouteWithinStack(Object(Illuminate\\Routing\\Route), Object(Illuminate\\Http\\Request))
#24 D:\\Rio\\Pemograman web 2 sems 3\\project-laravel\\code\\RioAlfido-09020582024018\\web_statis\\vendor\\laravel\\framework\\src\\Illuminate\\Routing\\Router.php(636): Illuminate\\Routing\\Router->runRoute(Object(Illuminate\\Http\\Request), Object(Illuminate\\Routing\\Route))
#25 D:\\Rio\\Pemograman web 2 sems 3\\project-laravel\\code\\RioAlfido-09020582024018\\web_statis\\vendor\\laravel\\framework\\src\\Illuminate\\Routing\\Router.php(625): Illuminate\\Routing\\Router->dispatchToRoute(Object(Illuminate\\Http\\Request))
#26 D:\\Rio\\Pemograman web 2 sems 3\\project-laravel\\code\\RioAlfido-09020582024018\\web_statis\\vendor\\laravel\\framework\\src\\Illuminate\\Foundation\\Http\\Kernel.php(166): Illuminate\\Routing\\Router->dispatch(Object(Illuminate\\Http\\Request))
#27 D:\\Rio\\Pemograman web 2 sems 3\\project-laravel\\code\\RioAlfido-09020582024018\\web_statis\\vendor\\laravel\\framework\\src\\Illuminate\\Pipeline\\Pipeline.php(128): Illuminate\\Foundation\\Http\\Kernel->Illuminate\\Foundation\\Http\\{closure}(Object(Illuminate\\Http\\Request))
#28 D:\\Rio\\Pemograman web 2 sems 3\\project-laravel\\code\\RioAlfido-09020582024018\\web_statis\\vendor\\laravel\\framework\\src\\Illuminate\\Foundation\\Http\\Middleware\\TransformsRequest.php(21): Illuminate\\Pipeline\\Pipeline->Illuminate\\Pipeline\\{closure}(Object(Illuminate\\Http\\Request))
#29 D:\\Rio\\Pemograman web 2 sems 3\\project-laravel\\code\\RioAlfido-09020582024018\\web_statis\\vendor\\laravel\\framework\\src\\Illuminate\\Foundation\\Http\\Middleware\\ConvertEmptyStringsToNull.php(31): Illuminate\\Foundation\\Http\\Middleware\\TransformsRequest->handle(Object(Illuminate\\Http\\Request), Object(Closure))
#30 D:\\Rio\\Pemograman web 2 sems 3\\project-laravel\\code\\RioAlfido-09020582024018\\web_statis\\vendor\\laravel\\framework\\src\\Illuminate\\Pipeline\\Pipeline.php(167): Illuminate\\Foundation\\Http\\Middleware\\ConvertEmptyStringsToNull->handle(Object(Illuminate\\Http\\Request), Object(Closure))
#31 D:\\Rio\\Pemograman web 2 sems 3\\project-laravel\\code\\RioAlfido-09020582024018\\web_statis\\vendor\\laravel\\framework\\src\\Illuminate\\Foundation\\Http\\Middleware\\TransformsRequest.php(21): Illuminate\\Pipeline\\Pipeline->Illuminate\\Pipeline\\{closure}(Object(Illuminate\\Http\\Request))
#32 D:\\Rio\\Pemograman web 2 sems 3\\project-laravel\\code\\RioAlfido-09020582024018\\web_statis\\vendor\\laravel\\framework\\src\\Illuminate\\Foundation\\Http\\Middleware\\TrimStrings.php(40): Illuminate\\Foundation\\Http\\Middleware\\TransformsRequest->handle(Object(Illuminate\\Http\\Request), Object(Closure))
#33 D:\\Rio\\Pemograman web 2 sems 3\\project-laravel\\code\\RioAlfido-09020582024018\\web_statis\\vendor\\laravel\\framework\\src\\Illuminate\\Pipeline\\Pipeline.php(167): Illuminate\\Foundation\\Http\\Middleware\\TrimStrings->handle(Object(Illuminate\\Http\\Request), Object(Closure))
#34 D:\\Rio\\Pemograman web 2 sems 3\\project-laravel\\code\\RioAlfido-09020582024018\\web_statis\\vendor\\laravel\\framework\\src\\Illuminate\\Foundation\\Http\\Middleware\\ValidatePostSize.php(27): Illuminate\\Pipeline\\Pipeline->Illuminate\\Pipeline\\{closure}(Object(Illuminate\\Http\\Request))
#35 D:\\Rio\\Pemograman web 2 sems 3\\project-laravel\\code\\RioAlfido-09020582024018\\web_statis\\vendor\\laravel\\framework\\src\\Illuminate\\Pipeline\\Pipeline.php(167): Illuminate\\Foundation\\Http\\Middleware\\ValidatePostSize->handle(Object(Illuminate\\Http\\Request), Object(Closure))
#36 D:\\Rio\\Pemograman web 2 sems 3\\project-laravel\\code\\RioAlfido-09020582024018\\web_statis\\vendor\\laravel\\framework\\src\\Illuminate\\Foundation\\Http\\Middleware\\PreventRequestsDuringMaintenance.php(86): Illuminate\\Pipeline\\Pipeline->Illuminate\\Pipeline\\{closure}(Object(Illuminate\\Http\\Request))
#37 D:\\Rio\\Pemograman web 2 sems 3\\project-laravel\\code\\RioAlfido-09020582024018\\web_statis\\vendor\\laravel\\framework\\src\\Illuminate\\Pipeline\\Pipeline.php(167): Illuminate\\Foundation\\Http\\Middleware\\PreventRequestsDuringMaintenance->handle(Object(Illuminate\\Http\\Request), Object(Closure))
#38 D:\\Rio\\Pemograman web 2 sems 3\\project-laravel\\code\\RioAlfido-09020582024018\\web_statis\\vendor\\fruitcake\\laravel-cors\\src\\HandleCors.php(38): Illuminate\\Pipeline\\Pipeline->Illuminate\\Pipeline\\{closure}(Object(Illuminate\\Http\\Request))
#39 D:\\Rio\\Pemograman web 2 sems 3\\project-laravel\\code\\RioAlfido-09020582024018\\web_statis\\vendor\\laravel\\framework\\src\\Illuminate\\Pipeline\\Pipeline.php(167): Fruitcake\\Cors\\HandleCors->handle(Object(Illuminate\\Http\\Request), Object(Closure))
#40 D:\\Rio\\Pemograman web 2 sems 3\\project-laravel\\code\\RioAlfido-09020582024018\\web_statis\\vendor\\laravel\\framework\\src\\Illuminate\\Http\\Middleware\\TrustProxies.php(39): Illuminate\\Pipeline\\Pipeline->Illuminate\\Pipeline\\{closure}(Object(Illuminate\\Http\\Request))
#41 D:\\Rio\\Pemograman web 2 sems 3\\project-laravel\\code\\RioAlfido-09020582024018\\web_statis\\vendor\\laravel\\framework\\src\\Illuminate\\Pipeline\\Pipeline.php(167): Illuminate\\Http\\Middleware\\TrustProxies->handle(Object(Illuminate\\Http\\Request), Object(Closure))
#42 D:\\Rio\\Pemograman web 2 sems 3\\project-laravel\\code\\RioAlfido-09020582024018\\web_statis\\vendor\\laravel\\framework\\src\\Illuminate\\Pipeline\\Pipeline.php(103): Illuminate\\Pipeline\\Pipeline->Illuminate\\Pipeline\\{closure}(Object(Illuminate\\Http\\Request))
#43 D:\\Rio\\Pemograman web 2 sems 3\\project-laravel\\code\\RioAlfido-09020582024018\\web_statis\\vendor\\laravel\\framework\\src\\Illuminate\\Foundation\\Http\\Kernel.php(141): Illuminate\\Pipeline\\Pipeline->then(Object(Closure))
#44 D:\\Rio\\Pemograman web 2 sems 3\\project-laravel\\code\\RioAlfido-09020582024018\\web_statis\\vendor\\laravel\\framework\\src\\Illuminate\\Foundation\\Http\\Kernel.php(110): Illuminate\\Foundation\\Http\\Kernel->sendRequestThroughRouter(Object(Illuminate\\Http\\Request))
#45 D:\\Rio\\Pemograman web 2 sems 3\\project-laravel\\code\\RioAlfido-09020582024018\\web_statis\\public\\index.php(52): Illuminate\\Foundation\\Http\\Kernel->handle(Object(Illuminate\\Http\\Request))
#46 D:\\Rio\\Pemograman web 2 sems 3\\project-laravel\\code\\RioAlfido-09020582024018\\web_statis\\server.php(21): require_once('D:\\\\Rio\\\\Pemogram...')
#47 {main}
"} 
